c:\users\dndsu\desktop\비동기 accept참고코드\nhn_next_iocpserver\iocpnetlib\x64\debug\iocpnetlib.pdb
c:\users\dndsu\desktop\비동기 accept참고코드\nhn_next_iocpserver\iocpnetlib\x64\debug\iocpnetlib.idb
c:\users\dndsu\desktop\비동기 accept참고코드\nhn_next_iocpserver\iocpnetlib\x64\debug\stackwalker.obj
c:\users\dndsu\desktop\비동기 accept참고코드\nhn_next_iocpserver\iocpnetlib\x64\debug\session.obj
c:\users\dndsu\desktop\비동기 accept참고코드\nhn_next_iocpserver\iocpnetlib\x64\debug\serversession.obj
c:\users\dndsu\desktop\비동기 accept참고코드\nhn_next_iocpserver\iocpnetlib\x64\debug\player.obj
c:\users\dndsu\desktop\비동기 accept참고코드\nhn_next_iocpserver\iocpnetlib\x64\debug\overlappediocontext.obj
c:\users\dndsu\desktop\비동기 accept참고코드\nhn_next_iocpserver\iocpnetlib\x64\debug\iothread.obj
c:\users\dndsu\desktop\비동기 accept참고코드\nhn_next_iocpserver\iocpnetlib\x64\debug\iocpmanager.obj
c:\users\dndsu\desktop\비동기 accept참고코드\nhn_next_iocpserver\iocpnetlib\x64\debug\fastspinlock.obj
c:\users\dndsu\desktop\비동기 accept참고코드\nhn_next_iocpserver\iocpnetlib\x64\debug\exception.obj
c:\users\dndsu\desktop\비동기 accept참고코드\nhn_next_iocpserver\iocpnetlib\x64\debug\clientsessionmanager.obj
c:\users\dndsu\desktop\비동기 accept참고코드\nhn_next_iocpserver\iocpnetlib\x64\debug\clientsession.obj
c:\users\dndsu\desktop\비동기 accept참고코드\nhn_next_iocpserver\iocpnetlib\x64\debug\circularbuffer.obj
c:\users\dndsu\desktop\dev\01_mydevserver\00_true_bear_iocp\iocpnetlib\x64\debug\iocpnetlib.pdb
c:\users\dndsu\desktop\dev\01_mydevserver\00_true_bear_iocp\iocpnetlib\x64\debug\iocpnetlib.idb
c:\users\dndsu\desktop\dev\01_mydevserver\00_true_bear_iocp\iocpnetlib\x64\debug\session.obj
c:\users\dndsu\desktop\dev\01_mydevserver\00_true_bear_iocp\iocpnetlib\x64\debug\serversession.obj
c:\users\dndsu\desktop\dev\01_mydevserver\00_true_bear_iocp\iocpnetlib\x64\debug\iocpmanager.obj
c:\users\dndsu\desktop\dev\01_mydevserver\00_true_bear_iocp\iocpnetlib\x64\debug\iothread.obj
c:\users\dndsu\desktop\dev\01_mydevserver\00_true_bear_iocp\iocpnetlib\x64\debug\clientsessionmanager.obj
c:\users\dndsu\desktop\dev\01_mydevserver\00_true_bear_iocp\iocpnetlib\x64\debug\clientsession.obj
c:\users\dndsu\desktop\dev\01_mydevserver\00_true_bear_iocp\iocpnetlib\x64\debug\player.obj
c:\users\dndsu\desktop\dev\01_mydevserver\00_true_bear_iocp\iocpnetlib\x64\debug\networkservice.obj
c:\users\dndsu\desktop\dev\01_mydevserver\00_true_bear_iocp\iocpnetlib\x64\debug\iocpservice.obj
c:\users\dndsu\desktop\dev\01_mydevserver\00_true_bear_iocp\iocpnetlib\x64\debug\iocpthread.obj
c:\users\dndsu\desktop\dev\01_mydevserver\00_true_bear_iocp\iocpnetlib\x64\debug\fastspinlock.obj
c:\users\dndsu\desktop\dev\01_mydevserver\00_true_bear_iocp\iocpnetlib\x64\debug\sessionmanager.obj
c:\users\dndsu\desktop\dev\01_mydevserver\00_true_bear_iocp\iocpnetlib\x64\debug\exoverlappedio.obj
c:\users\dndsu\desktop\비동기 accept참고코드\nhn_next_iocpserver\samples\echoserver\x64\debug\iocpnetlib.lib
c:\users\dndsu\desktop\dev\01_mydevserver\00_true_bear_iocp\iocpchat\x64\debug\iocpnetlib.lib
c:\users\dndsu\desktop\dev\01_mydevserver\00_true_bear_iocp\iocpnetlib\x64\debug\circularbuffer.obj
c:\users\dndsu\desktop\dev\01_mydevserver\00_true_bear_iocp\iocpnetlib\x64\debug\overlappediocontext.obj
c:\users\dndsu\desktop\dev\01_mydevserver\00_true_bear_iocp\iocpnetlib\x64\debug\stackwalker.obj
c:\users\dndsu\desktop\dev\01_mydevserver\00_true_bear_iocp\iocpchat\x64\debug\iocpnetlib.pdb
c:\users\dndsu\desktop\dev\01_mydevserver\00_true_bear_iocp\iocpnetlib\x64\debug\iocpnetlib.tlog\cl.command.1.tlog
c:\users\dndsu\desktop\dev\01_mydevserver\00_true_bear_iocp\iocpnetlib\x64\debug\iocpnetlib.tlog\cl.read.1.tlog
c:\users\dndsu\desktop\dev\01_mydevserver\00_true_bear_iocp\iocpnetlib\x64\debug\iocpnetlib.tlog\cl.write.1.tlog
c:\users\dndsu\desktop\dev\01_mydevserver\00_true_bear_iocp\iocpnetlib\x64\debug\iocpnetlib.tlog\lib-link.read.1.tlog
c:\users\dndsu\desktop\dev\01_mydevserver\00_true_bear_iocp\iocpnetlib\x64\debug\iocpnetlib.tlog\lib-link.write.1.tlog
c:\users\dndsu\desktop\dev\01_mydevserver\00_true_bear_iocp\iocpnetlib\x64\debug\iocpnetlib.tlog\lib.command.1.tlog
