  IOCP.cpp
C:\Users\dndsu\Desktop\dev\01_MyDevServer\00_truebear_mmo_project\02_NetworkLib\ServerFrame.h(9,3): warning C4091:  'typedef ': 변수를 선언하지 않으면 'Core::SERVER_STATUS' 왼쪽은 무시됩니다.
C:\Users\dndsu\Desktop\dev\01_MyDevServer\00_truebear_mmo_project\02_NetworkLib\ServerFrame.h(14,32): error C2061:  구문 오류: 식별자 'Content'
C:\Users\dndsu\Desktop\dev\01_MyDevServer\00_truebear_mmo_project\02_NetworkLib\ServerFrame.h(21,30): error C2061:  구문 오류: 식별자 'PacketBundle'
C:\Users\dndsu\Desktop\dev\01_MyDevServer\00_truebear_mmo_project\02_NetworkLib\ServerFrame.h(29,10): error C2143:  구문 오류: ';'이(가) '*' 앞에 없습니다.
C:\Users\dndsu\Desktop\dev\01_MyDevServer\00_truebear_mmo_project\02_NetworkLib\ServerFrame.h(29,10): error C4430:  형식 지정자가 없습니다. int로 가정합니다. 참고: C++에서는 기본 int를 지원하지 않습니다.
C:\Users\dndsu\Desktop\dev\01_MyDevServer\00_truebear_mmo_project\02_NetworkLib\ServerFrame.h(29,21): error C2238:  ';' 앞에 예기치 않은 토큰이 있습니다.
C:\Users\dndsu\Desktop\dev\01_MyDevServer\00_truebear_mmo_project\02_NetworkLib\IOCP.h(22,25): error C2061:  구문 오류: 식별자 'Content'
C:\Users\dndsu\Desktop\dev\01_MyDevServer\00_truebear_mmo_project\02_NetworkLib\IOCP.cpp(8,13): error C2065:  'Content': 선언되지 않은 식별자입니다.
C:\Users\dndsu\Desktop\dev\01_MyDevServer\00_truebear_mmo_project\02_NetworkLib\IOCP.cpp(8,22): error C2065:  'content': 선언되지 않은 식별자입니다.
C:\Users\dndsu\Desktop\dev\01_MyDevServer\00_truebear_mmo_project\02_NetworkLib\IOCP.cpp(8,8): error C7550:  'Network::IOCP::{ctor}': 이 컨텍스트의 정규화된 이름이 형식이 아니라 생성자의 이름을 지정합니다.
C:\Users\dndsu\Desktop\dev\01_MyDevServer\00_truebear_mmo_project\02_NetworkLib\IOCP.cpp(8,31): error C2448:  'Network::IOCP::{ctor}': 함수 스타일 이니셜라이저가 함수 정의처럼 나타납니다.
C:\Users\dndsu\Desktop\dev\01_MyDevServer\00_truebear_mmo_project\02_NetworkLib\IOCP.cpp(8,31): error C2059:  구문 오류: ':'
C:\Users\dndsu\Desktop\dev\01_MyDevServer\00_truebear_mmo_project\02_NetworkLib\IOCP.cpp(8,45): error C2065:  'content': 선언되지 않은 식별자입니다.
C:\Users\dndsu\Desktop\dev\01_MyDevServer\00_truebear_mmo_project\02_NetworkLib\IOCP.cpp(8,52): error C4430:  형식 지정자가 없습니다. int로 가정합니다. 참고: C++에서는 기본 int를 지원하지 않습니다.
  ServerFrame.cpp
C:\Users\dndsu\Desktop\dev\01_MyDevServer\00_truebear_mmo_project\02_NetworkLib\IOCP.cpp(9,2): error C2448:  'Network::ServerFrame': 함수 스타일 이니셜라이저가 함수 정의처럼 나타납니다.
C:\Users\dndsu\Desktop\dev\01_MyDevServer\00_truebear_mmo_project\02_NetworkLib\ServerFrame.h(9,3): warning C4091:  'typedef ': 변수를 선언하지 않으면 'Core::SERVER_STATUS' 왼쪽은 무시됩니다.
C:\Users\dndsu\Desktop\dev\01_MyDevServer\00_truebear_mmo_project\02_NetworkLib\ServerFrame.h(14,32): error C2061:  구문 오류: 식별자 'Content'
C:\Users\dndsu\Desktop\dev\01_MyDevServer\00_truebear_mmo_project\02_NetworkLib\ServerFrame.h(21,30): error C2061:  구문 오류: 식별자 'PacketBundle'
C:\Users\dndsu\Desktop\dev\01_MyDevServer\00_truebear_mmo_project\02_NetworkLib\ServerFrame.h(29,10): error C2143:  구문 오류: ';'이(가) '*' 앞에 없습니다.
C:\Users\dndsu\Desktop\dev\01_MyDevServer\00_truebear_mmo_project\02_NetworkLib\ServerFrame.h(29,10): error C4430:  형식 지정자가 없습니다. int로 가정합니다. 참고: C++에서는 기본 int를 지원하지 않습니다.
C:\Users\dndsu\Desktop\dev\01_MyDevServer\00_truebear_mmo_project\02_NetworkLib\ServerFrame.h(29,21): error C2238:  ';' 앞에 예기치 않은 토큰이 있습니다.
C:\Users\dndsu\Desktop\dev\01_MyDevServer\00_truebear_mmo_project\02_NetworkLib\ServerFrame.cpp(7,27): error C2065:  'Content': 선언되지 않은 식별자입니다.
C:\Users\dndsu\Desktop\dev\01_MyDevServer\00_truebear_mmo_project\02_NetworkLib\ServerFrame.cpp(7,36): error C2065:  'content': 선언되지 않은 식별자입니다.
C:\Users\dndsu\Desktop\dev\01_MyDevServer\00_truebear_mmo_project\02_NetworkLib\ServerFrame.cpp(7,15): error C7550:  'Core::ServerFrame::{ctor}': 이 컨텍스트의 정규화된 이름이 형식이 아니라 생성자의 이름을 지정합니다.
C:\Users\dndsu\Desktop\dev\01_MyDevServer\00_truebear_mmo_project\02_NetworkLib\ServerFrame.cpp(7,45): error C2448:  'Core::ServerFrame::{ctor}': 함수 스타일 이니셜라이저가 함수 정의처럼 나타납니다.
C:\Users\dndsu\Desktop\dev\01_MyDevServer\00_truebear_mmo_project\02_NetworkLib\ServerFrame.cpp(7,45): error C2059:  구문 오류: ':'
C:\Users\dndsu\Desktop\dev\01_MyDevServer\00_truebear_mmo_project\02_NetworkLib\ServerFrame.cpp(7,56): error C2065:  'content': 선언되지 않은 식별자입니다.
C:\Users\dndsu\Desktop\dev\01_MyDevServer\00_truebear_mmo_project\02_NetworkLib\ServerFrame.cpp(7,63): error C4430:  형식 지정자가 없습니다. int로 가정합니다. 참고: C++에서는 기본 int를 지원하지 않습니다.
C:\Users\dndsu\Desktop\dev\01_MyDevServer\00_truebear_mmo_project\02_NetworkLib\ServerFrame.cpp(8,2): error C2448:  'Core::m_content': 함수 스타일 이니셜라이저가 함수 정의처럼 나타납니다.
C:\Users\dndsu\Desktop\dev\01_MyDevServer\00_truebear_mmo_project\02_NetworkLib\ServerFrame.cpp(18,20): error C2541:  'delete': 포인터가 아닌 개체를 삭제할 수 없습니다.
C:\Users\dndsu\Desktop\dev\01_MyDevServer\00_truebear_mmo_project\02_NetworkLib\ServerFrame.cpp(30,30): error C2065:  'PacketBundle': 선언되지 않은 식별자입니다.
C:\Users\dndsu\Desktop\dev\01_MyDevServer\00_truebear_mmo_project\02_NetworkLib\ServerFrame.cpp(30,44): error C2065:  'packetbundle': 선언되지 않은 식별자입니다.
C:\Users\dndsu\Desktop\dev\01_MyDevServer\00_truebear_mmo_project\02_NetworkLib\ServerFrame.cpp(30,56): error C2761:  'void Core::ServerFrame::PutPacket(void)': 멤버를 재선언할 수 없습니다.
  Session.cpp
  SessionMgr.cpp
  코드를 생성하고 있습니다...
C:\Users\dndsu\Desktop\dev\01_MyDevServer\00_truebear_mmo_project\02_NetworkLib\ServerFrame.cpp(31,2): error C2448:  'Core::ServerFrame::PutPacket': 함수 스타일 이니셜라이저가 함수 정의처럼 나타납니다.
