  ClientManager.cpp
  Lobby.cpp
C:\Users\dndsu\Desktop\dev\01_MyDevServer\01_SelectModel\newSelectServer\01_LogicLayer\Lobby.cpp(158): warning C4267: '인수': 'size_t'에서 'const short'(으)로 변환하면서 데이터가 손실될 수 있습니다.
C:\Users\dndsu\Desktop\dev\01_MyDevServer\01_SelectModel\newSelectServer\01_LogicLayer\Lobby.cpp(146): warning C4996: 'strcpy': This function or variable may be unsafe. Consider using strcpy_s instead. To disable deprecation, use _CRT_SECURE_NO_WARNINGS. See online help for details.
  C:\Program Files (x86)\Windows Kits\10\Include\10.0.18362.0\ucrt\string.h(133): note: 'strcpy' 선언을 참조하십시오.
C:\Users\dndsu\Desktop\dev\01_MyDevServer\01_SelectModel\newSelectServer\01_LogicLayer\Lobby.cpp(147): warning C4996: 'strcpy': This function or variable may be unsafe. Consider using strcpy_s instead. To disable deprecation, use _CRT_SECURE_NO_WARNINGS. See online help for details.
  C:\Program Files (x86)\Windows Kits\10\Include\10.0.18362.0\ucrt\string.h(133): note: 'strcpy' 선언을 참조하십시오.
  LobbyManager.cpp
  LogicMain.cpp
  PktProcLobby.cpp
C:\Users\dndsu\Desktop\dev\01_MyDevServer\01_SelectModel\newSelectServer\01_LogicLayer\PktProcLobby.cpp(72): warning C4996: 'strcpy': This function or variable may be unsafe. Consider using strcpy_s instead. To disable deprecation, use _CRT_SECURE_NO_WARNINGS. See online help for details.
  C:\Program Files (x86)\Windows Kits\10\Include\10.0.18362.0\ucrt\string.h(133): note: 'strcpy' 선언을 참조하십시오.
C:\Users\dndsu\Desktop\dev\01_MyDevServer\01_SelectModel\newSelectServer\01_LogicLayer\PktProcLobby.cpp(95): warning C4996: 'strcpy': This function or variable may be unsafe. Consider using strcpy_s instead. To disable deprecation, use _CRT_SECURE_NO_WARNINGS. See online help for details.
  C:\Program Files (x86)\Windows Kits\10\Include\10.0.18362.0\ucrt\string.h(133): note: 'strcpy' 선언을 참조하십시오.
  PktProcLogin.cpp
C:\Users\dndsu\Desktop\dev\01_MyDevServer\01_SelectModel\newSelectServer\01_LogicLayer\PktProcLogin.cpp(31): warning C4996: 'strcpy': This function or variable may be unsafe. Consider using strcpy_s instead. To disable deprecation, use _CRT_SECURE_NO_WARNINGS. See online help for details.
  C:\Program Files (x86)\Windows Kits\10\Include\10.0.18362.0\ucrt\string.h(133): note: 'strcpy' 선언을 참조하십시오.
  PktProcMain.cpp
  PktProcRoom.cpp
  Room.cpp
C:\Users\dndsu\Desktop\dev\01_MyDevServer\01_SelectModel\newSelectServer\01_LogicLayer\Room.cpp(54): warning C4267: '인수': 'size_t'에서 'const short'(으)로 변환하면서 데이터가 손실될 수 있습니다.
C:\Users\dndsu\Desktop\dev\01_MyDevServer\01_SelectModel\newSelectServer\01_LogicLayer\Room.cpp(46): warning C4996: 'strcpy': This function or variable may be unsafe. Consider using strcpy_s instead. To disable deprecation, use _CRT_SECURE_NO_WARNINGS. See online help for details.
  C:\Program Files (x86)\Windows Kits\10\Include\10.0.18362.0\ucrt\string.h(133): note: 'strcpy' 선언을 참조하십시오.
  코드를 생성하고 있습니다...
  LogicLayer.vcxproj -> C:\Users\dndsu\Desktop\dev\01_MyDevServer\01_SelectModel\newSelectServer\00_Host\x64\Debug\LogicLayer.lib
